This is pdfTeX, Version 3.141592653-2.6-1.40.25 (MiKTeX 23.4) (preloaded format=pdflatex 2023.9.9)  25 JAN 2025 15:59
entering extended mode
 restricted \write18 enabled.
 %&-line parsing enabled.
**./ML1_business_report_haraprasad.tex
(ML1_business_report_haraprasad.tex
LaTeX2e <2022-11-01> patch level 1
L3 programming layer <2023-03-30>
(C:\Users\user\AppData\Local\Programs\MiKTeX\tex/latex/base\article.cls
Document Class: article 2022/07/02 v1.4n Standard LaTeX document class
(C:\Users\user\AppData\Local\Programs\MiKTeX\tex/latex/base\size12.clo
File: size12.clo 2022/07/02 v1.4n Standard LaTeX file (size option)
)
\c@part=\count185
\c@section=\count186
\c@subsection=\count187
\c@subsubsection=\count188
\c@paragraph=\count189
\c@subparagraph=\count190
\c@figure=\count191
\c@table=\count192
\abovecaptionskip=\skip48
\belowcaptionskip=\skip49
\bibindent=\dimen140
)
(C:\Users\user\AppData\Local\Programs\MiKTeX\tex/latex/geometry\geometry.sty
Package: geometry 2020/01/02 v5.9 Page Geometry

(C:\Users\user\AppData\Local\Programs\MiKTeX\tex/latex/graphics\keyval.sty
Package: keyval 2022/05/29 v1.15 key=value parser (DPC)
\KV@toks@=\toks16
)
(C:\Users\user\AppData\Local\Programs\MiKTeX\tex/generic/iftex\ifvtex.sty
Package: ifvtex 2019/10/25 v1.7 ifvtex legacy package. Use iftex instead.

(C:\Users\user\AppData\Local\Programs\MiKTeX\tex/generic/iftex\iftex.sty
Package: iftex 2022/02/03 v1.0f TeX engine tests
))
\Gm@cnth=\count193
\Gm@cntv=\count194
\c@Gm@tempcnt=\count195
\Gm@bindingoffset=\dimen141
\Gm@wd@mp=\dimen142
\Gm@odd@mp=\dimen143
\Gm@even@mp=\dimen144
\Gm@layoutwidth=\dimen145
\Gm@layoutheight=\dimen146
\Gm@layouthoffset=\dimen147
\Gm@layoutvoffset=\dimen148
\Gm@dimlist=\toks17

(C:\Users\user\AppData\Local\Programs\MiKTeX\tex/latex/geometry\geometry.cfg))
(C:\Users\user\AppData\Local\Programs\MiKTeX\tex/latex/graphics\graphicx.sty
Package: graphicx 2021/09/16 v1.2d Enhanced LaTeX Graphics (DPC,SPQR)

(C:\Users\user\AppData\Local\Programs\MiKTeX\tex/latex/graphics\graphics.sty
Package: graphics 2022/03/10 v1.4e Standard LaTeX Graphics (DPC,SPQR)

(C:\Users\user\AppData\Local\Programs\MiKTeX\tex/latex/graphics\trig.sty
Package: trig 2021/08/11 v1.11 sin cos tan (DPC)
)
(C:\Users\user\AppData\Local\Programs\MiKTeX\tex/latex/graphics-cfg\graphics.cf
g
File: graphics.cfg 2016/06/04 v1.11 sample graphics configuration
)
Package graphics Info: Driver file: pdftex.def on input line 107.

(C:\Users\user\AppData\Local\Programs\MiKTeX\tex/latex/graphics-def\pdftex.def
File: pdftex.def 2022/09/22 v1.2b Graphics/color driver for pdftex
))
\Gin@req@height=\dimen149
\Gin@req@width=\dimen150
) (C:\Users\user\AppData\Local\Programs\MiKTeX\tex/latex/amsmath\amsmath.sty
Package: amsmath 2022/04/08 v2.17n AMS math features
\@mathmargin=\skip50

For additional information on amsmath, use the `?' option.
(C:\Users\user\AppData\Local\Programs\MiKTeX\tex/latex/amsmath\amstext.sty
Package: amstext 2021/08/26 v2.01 AMS text

(C:\Users\user\AppData\Local\Programs\MiKTeX\tex/latex/amsmath\amsgen.sty
File: amsgen.sty 1999/11/30 v2.0 generic functions
\@emptytoks=\toks18
\ex@=\dimen151
))
(C:\Users\user\AppData\Local\Programs\MiKTeX\tex/latex/amsmath\amsbsy.sty
Package: amsbsy 1999/11/29 v1.2d Bold Symbols
\pmbraise@=\dimen152
)
(C:\Users\user\AppData\Local\Programs\MiKTeX\tex/latex/amsmath\amsopn.sty
Package: amsopn 2022/04/08 v2.04 operator names
)
\inf@bad=\count196
LaTeX Info: Redefining \frac on input line 234.
\uproot@=\count197
\leftroot@=\count198
LaTeX Info: Redefining \overline on input line 399.
LaTeX Info: Redefining \colon on input line 410.
\classnum@=\count199
\DOTSCASE@=\count266
LaTeX Info: Redefining \ldots on input line 496.
LaTeX Info: Redefining \dots on input line 499.
LaTeX Info: Redefining \cdots on input line 620.
\Mathstrutbox@=\box51
\strutbox@=\box52
LaTeX Info: Redefining \big on input line 722.
LaTeX Info: Redefining \Big on input line 723.
LaTeX Info: Redefining \bigg on input line 724.
LaTeX Info: Redefining \Bigg on input line 725.
\big@size=\dimen153
LaTeX Font Info:    Redeclaring font encoding OML on input line 743.
LaTeX Font Info:    Redeclaring font encoding OMS on input line 744.
\macc@depth=\count267
LaTeX Info: Redefining \bmod on input line 905.
LaTeX Info: Redefining \pmod on input line 910.
LaTeX Info: Redefining \smash on input line 940.
LaTeX Info: Redefining \relbar on input line 970.
LaTeX Info: Redefining \Relbar on input line 971.
\c@MaxMatrixCols=\count268
\dotsspace@=\muskip16
\c@parentequation=\count269
\dspbrk@lvl=\count270
\tag@help=\toks19
\row@=\count271
\column@=\count272
\maxfields@=\count273
\andhelp@=\toks20
\eqnshift@=\dimen154
\alignsep@=\dimen155
\tagshift@=\dimen156
\tagwidth@=\dimen157
\totwidth@=\dimen158
\lineht@=\dimen159
\@envbody=\toks21
\multlinegap=\skip51
\multlinetaggap=\skip52
\mathdisplay@stack=\toks22
LaTeX Info: Redefining \[ on input line 2953.
LaTeX Info: Redefining \] on input line 2954.
)
(C:\Users\user\AppData\Local\Programs\MiKTeX\tex/latex/amsfonts\amsfonts.sty
Package: amsfonts 2013/01/14 v3.01 Basic AMSFonts support
\symAMSa=\mathgroup4
\symAMSb=\mathgroup5
LaTeX Font Info:    Redeclaring math symbol \hbar on input line 98.
LaTeX Font Info:    Overwriting math alphabet `\mathfrak' in version `bold'
(Font)                  U/euf/m/n --> U/euf/b/n on input line 106.
)
(C:\Users\user\AppData\Local\Programs\MiKTeX\tex/latex/amscls\amsthm.sty
Package: amsthm 2020/05/29 v2.20.6
\thm@style=\toks23
\thm@bodyfont=\toks24
\thm@headfont=\toks25
\thm@notefont=\toks26
\thm@headpunct=\toks27
\thm@preskip=\skip53
\thm@postskip=\skip54
\thm@headsep=\skip55
\dth@everypar=\toks28
)
(C:\Users\user\AppData\Local\Programs\MiKTeX\tex/latex/base\latexsym.sty
Package: latexsym 1998/08/17 v2.2e Standard LaTeX package (lasy symbols)
\symlasy=\mathgroup6
LaTeX Font Info:    Overwriting symbol font `lasy' in version `bold'
(Font)                  U/lasy/m/n --> U/lasy/b/n on input line 52.
)
(C:\Users\user\AppData\Local\Programs\MiKTeX\tex/latex/amsfonts\amssymb.sty
Package: amssymb 2013/01/14 v3.01 AMS font symbols
)
(C:\Users\user\AppData\Local\Programs\MiKTeX\tex/latex/pdfpages\pdfpages.sty
Package: pdfpages 2024/01/21 v0.5y Insert pages of external PDF documents (AM)

(C:\Users\user\AppData\Local\Programs\MiKTeX\tex/latex/base\ifthen.sty
Package: ifthen 2022/04/13 v1.1d Standard LaTeX ifthen package (DPC)
)
(C:\Users\user\AppData\Local\Programs\MiKTeX\tex/latex/tools\calc.sty
Package: calc 2017/05/25 v4.3 Infix arithmetic (KKT,FJ)
\calc@Acount=\count274
\calc@Bcount=\count275
\calc@Adimen=\dimen160
\calc@Bdimen=\dimen161
\calc@Askip=\skip56
\calc@Bskip=\skip57
LaTeX Info: Redefining \setlength on input line 80.
LaTeX Info: Redefining \addtolength on input line 81.
\calc@Ccount=\count276
\calc@Cskip=\skip58
)
(C:\Users\user\AppData\Local\Programs\MiKTeX\tex/latex/eso-pic\eso-pic.sty
Package: eso-pic 2023/05/03 v3.0c eso-pic (RN)
\ESO@tempdima=\dimen162
\ESO@tempdimb=\dimen163

(C:\Users\user\AppData\Local\Programs\MiKTeX\tex/latex/xcolor\xcolor.sty
Package: xcolor 2022/06/12 v2.14 LaTeX color extensions (UK)

(C:\Users\user\AppData\Local\Programs\MiKTeX\tex/latex/graphics-cfg\color.cfg
File: color.cfg 2016/01/02 v1.6 sample color configuration
)
Package xcolor Info: Driver file: pdftex.def on input line 227.

(C:\Users\user\AppData\Local\Programs\MiKTeX\tex/latex/graphics\mathcolor.ltx)
Package xcolor Info: Model `cmy' substituted by `cmy0' on input line 1353.
Package xcolor Info: Model `hsb' substituted by `rgb' on input line 1357.
Package xcolor Info: Model `RGB' extended on input line 1369.
Package xcolor Info: Model `HTML' substituted by `rgb' on input line 1371.
Package xcolor Info: Model `Hsb' substituted by `hsb' on input line 1372.
Package xcolor Info: Model `tHsb' substituted by `hsb' on input line 1373.
Package xcolor Info: Model `HSB' substituted by `hsb' on input line 1374.
Package xcolor Info: Model `Gray' substituted by `gray' on input line 1375.
Package xcolor Info: Model `wave' substituted by `hsb' on input line 1376.
))
\AM@pagewidth=\dimen164
\AM@pageheight=\dimen165
\AM@fboxrule=\dimen166
 (C:\Users\user\AppData\Local\Programs\MiKTeX\tex/latex/pdfpages\pppdftex.def
File: pppdftex.def 2024/01/21 v0.5y Pdfpages driver for pdfTeX (AM)
)
\pdfpages@includegraphics@status=\count277
\AM@pagebox=\box53
\AM@global@opts=\toks29
\AM@pagecnt=\count278
\AM@toc@title=\toks30
\AM@lof@heading=\toks31
\c@AM@survey=\count279
\AM@templatesizebox=\box54
) (C:\Users\user\AppData\Local\Programs\MiKTeX\tex/latex/caption\caption.sty
Package: caption 2023/08/05 v3.6o Customizing captions (AR)

(C:\Users\user\AppData\Local\Programs\MiKTeX\tex/latex/caption\caption3.sty
Package: caption3 2023/07/31 v2.4d caption3 kernel (AR)
\caption@tempdima=\dimen167
\captionmargin=\dimen168
\caption@leftmargin=\dimen169
\caption@rightmargin=\dimen170
\caption@width=\dimen171
\caption@indent=\dimen172
\caption@parindent=\dimen173
\caption@hangindent=\dimen174
Package caption Info: Standard document class detected.
)
\c@caption@flags=\count280
\c@continuedfloat=\count281
)
(C:\Users\user\AppData\Local\Programs\MiKTeX\tex/latex/caption\subcaption.sty
Package: subcaption 2023/07/28 v1.6b Sub-captions (AR)
Package caption Info: New subtype `subfigure' on input line 238.
\c@subfigure=\count282
Package caption Info: New subtype `subtable' on input line 238.
\c@subtable=\count283
)
(C:\Users\user\AppData\Local\Programs\MiKTeX\tex/latex/hyperref\hyperref.sty
Package: hyperref 2023-02-07 v7.00v Hypertext links for LaTeX

(C:\Users\user\AppData\Local\Programs\MiKTeX\tex/generic/ltxcmds\ltxcmds.sty
Package: ltxcmds 2023-12-04 v1.26 LaTeX kernel commands for general use (HO)
)
(C:\Users\user\AppData\Local\Programs\MiKTeX\tex/generic/pdftexcmds\pdftexcmds.
sty
Package: pdftexcmds 2020-06-27 v0.33 Utility functions of pdfTeX for LuaTeX (HO
)

(C:\Users\user\AppData\Local\Programs\MiKTeX\tex/generic/infwarerr\infwarerr.st
y
Package: infwarerr 2019/12/03 v1.5 Providing info/warning/error messages (HO)
)
Package pdftexcmds Info: \pdf@primitive is available.
Package pdftexcmds Info: \pdf@ifprimitive is available.
Package pdftexcmds Info: \pdfdraftmode found.
)
(C:\Users\user\AppData\Local\Programs\MiKTeX\tex/latex/kvsetkeys\kvsetkeys.sty
Package: kvsetkeys 2022-10-05 v1.19 Key value parser (HO)
)
(C:\Users\user\AppData\Local\Programs\MiKTeX\tex/generic/kvdefinekeys\kvdefinek
eys.sty
Package: kvdefinekeys 2019-12-19 v1.6 Define keys (HO)
)
(C:\Users\user\AppData\Local\Programs\MiKTeX\tex/generic/pdfescape\pdfescape.st
y
Package: pdfescape 2019/12/09 v1.15 Implements pdfTeX's escape features (HO)
) (C:\Users\user\AppData\Local\Programs\MiKTeX\tex/latex/hycolor\hycolor.sty
Package: hycolor 2020-01-27 v1.10 Color options for hyperref/bookmark (HO)
)
(C:\Users\user\AppData\Local\Programs\MiKTeX\tex/latex/letltxmacro\letltxmacro.
sty
Package: letltxmacro 2019/12/03 v1.6 Let assignment for LaTeX macros (HO)
) (C:\Users\user\AppData\Local\Programs\MiKTeX\tex/latex/auxhook\auxhook.sty
Package: auxhook 2019-12-17 v1.6 Hooks for auxiliary files (HO)
) (C:\Users\user\AppData\Local\Programs\MiKTeX\tex/latex/hyperref\nameref.sty
Package: nameref 2022-05-17 v2.50 Cross-referencing by name of section

(C:\Users\user\AppData\Local\Programs\MiKTeX\tex/latex/refcount\refcount.sty
Package: refcount 2019/12/15 v3.6 Data extraction from label references (HO)
)
(C:\Users\user\AppData\Local\Programs\MiKTeX\tex/generic/gettitlestring\gettitl
estring.sty
Package: gettitlestring 2019/12/15 v1.6 Cleanup title references (HO)

(C:\Users\user\AppData\Local\Programs\MiKTeX\tex/latex/kvoptions\kvoptions.sty
Package: kvoptions 2022-06-15 v3.15 Key value format for package options (HO)
))
\c@section@level=\count284
)
\@linkdim=\dimen175
\Hy@linkcounter=\count285
\Hy@pagecounter=\count286
 (C:\Users\user\AppData\Local\Programs\MiKTeX\tex/latex/hyperref\pd1enc.def
File: pd1enc.def 2023-02-07 v7.00v Hyperref: PDFDocEncoding definition (HO)
Now handling font encoding PD1 ...
... no UTF-8 mapping file for font encoding PD1
)
(C:\Users\user\AppData\Local\Programs\MiKTeX\tex/generic/intcalc\intcalc.sty
Package: intcalc 2019/12/15 v1.3 Expandable calculations with integers (HO)
)
(C:\Users\user\AppData\Local\Programs\MiKTeX\tex/generic/etexcmds\etexcmds.sty
Package: etexcmds 2019/12/15 v1.7 Avoid name clashes with e-TeX commands (HO)
)
\Hy@SavedSpaceFactor=\count287
(C:\Users\user\AppData\Local\Programs\MiKTeX\tex/latex/hyperref\puenc.def
File: puenc.def 2023-02-07 v7.00v Hyperref: PDF Unicode definition (HO)
Now handling font encoding PU ...
... no UTF-8 mapping file for font encoding PU
)
Package hyperref Info: Hyper figures OFF on input line 4177.
Package hyperref Info: Link nesting OFF on input line 4182.
Package hyperref Info: Hyper index ON on input line 4185.
Package hyperref Info: Plain pages OFF on input line 4192.
Package hyperref Info: Backreferencing OFF on input line 4197.
Package hyperref Info: Implicit mode ON; LaTeX internals redefined.
Package hyperref Info: Bookmarks ON on input line 4425.
\c@Hy@tempcnt=\count288

(C:\Users\user\AppData\Local\Programs\MiKTeX\tex/latex/url\url.sty
\Urlmuskip=\muskip17
Package: url 2013/09/16  ver 3.4  Verb mode for urls, etc.
)
LaTeX Info: Redefining \url on input line 4763.
\XeTeXLinkMargin=\dimen176

(C:\Users\user\AppData\Local\Programs\MiKTeX\tex/generic/bitset\bitset.sty
Package: bitset 2019/12/09 v1.3 Handle bit-vector datatype (HO)

(C:\Users\user\AppData\Local\Programs\MiKTeX\tex/generic/bigintcalc\bigintcalc.
sty
Package: bigintcalc 2019/12/15 v1.5 Expandable calculations on big integers (HO
)
))
\Fld@menulength=\count289
\Field@Width=\dimen177
\Fld@charsize=\dimen178
Package hyperref Info: Hyper figures OFF on input line 6042.
Package hyperref Info: Link nesting OFF on input line 6047.
Package hyperref Info: Hyper index ON on input line 6050.
Package hyperref Info: backreferencing OFF on input line 6057.
Package hyperref Info: Link coloring OFF on input line 6062.
Package hyperref Info: Link coloring with OCG OFF on input line 6067.
Package hyperref Info: PDF/A mode OFF on input line 6072.

(C:\Users\user\AppData\Local\Programs\MiKTeX\tex/latex/base\atbegshi-ltx.sty
Package: atbegshi-ltx 2021/01/10 v1.0c Emulation of the original atbegshi
package with kernel methods
)
\Hy@abspage=\count290
\c@Item=\count291
\c@Hfootnote=\count292
)
Package hyperref Info: Driver (autodetected): hpdftex.

(C:\Users\user\AppData\Local\Programs\MiKTeX\tex/latex/hyperref\hpdftex.def
File: hpdftex.def 2023-02-07 v7.00v Hyperref driver for pdfTeX

(C:\Users\user\AppData\Local\Programs\MiKTeX\tex/latex/base\atveryend-ltx.sty
Package: atveryend-ltx 2020/08/19 v1.0a Emulation of the original atveryend pac
kage
with kernel methods
)
\Fld@listcount=\count293
\c@bookmark@seq@number=\count294

(C:\Users\user\AppData\Local\Programs\MiKTeX\tex/latex/rerunfilecheck\rerunfile
check.sty
Package: rerunfilecheck 2022-07-10 v1.10 Rerun checks for auxiliary files (HO)

(C:\Users\user\AppData\Local\Programs\MiKTeX\tex/generic/uniquecounter\uniqueco
unter.sty
Package: uniquecounter 2019/12/15 v1.4 Provide unlimited unique counter (HO)
)
Package uniquecounter Info: New unique counter `rerunfilecheck' on input line 2
85.
)
\Hy@SectionHShift=\skip59
)
Package hyperref Info: Option `colorlinks' set `true' on input line 18.

(C:\Users\user\AppData\Local\Programs\MiKTeX\tex/latex/wrapfig\wrapfig.sty
\wrapoverhang=\dimen179
\WF@size=\dimen180
\c@WF@wrappedlines=\count295
\WF@box=\box55
\WF@everypar=\toks32
Package: wrapfig 2003/01/31  v 3.6
)
(C:\Users\user\AppData\Local\Programs\MiKTeX\tex/latex/l3backend\l3backend-pdft
ex.def
File: l3backend-pdftex.def 2023-03-30 L3 backend support: PDF output (pdfTeX)
\l__color_backend_stack_int=\count296
\l__pdf_internal_box=\box56
) (ML1_business_report_haraprasad.aux)
\openout1 = `ML1_business_report_haraprasad.aux'.

LaTeX Font Info:    Checking defaults for OML/cmm/m/it on input line 25.
LaTeX Font Info:    ... okay on input line 25.
LaTeX Font Info:    Checking defaults for OMS/cmsy/m/n on input line 25.
LaTeX Font Info:    ... okay on input line 25.
LaTeX Font Info:    Checking defaults for OT1/cmr/m/n on input line 25.
LaTeX Font Info:    ... okay on input line 25.
LaTeX Font Info:    Checking defaults for T1/cmr/m/n on input line 25.
LaTeX Font Info:    ... okay on input line 25.
LaTeX Font Info:    Checking defaults for TS1/cmr/m/n on input line 25.
LaTeX Font Info:    ... okay on input line 25.
LaTeX Font Info:    Checking defaults for OMX/cmex/m/n on input line 25.
LaTeX Font Info:    ... okay on input line 25.
LaTeX Font Info:    Checking defaults for U/cmr/m/n on input line 25.
LaTeX Font Info:    ... okay on input line 25.
LaTeX Font Info:    Checking defaults for PD1/pdf/m/n on input line 25.
LaTeX Font Info:    ... okay on input line 25.
LaTeX Font Info:    Checking defaults for PU/pdf/m/n on input line 25.
LaTeX Font Info:    ... okay on input line 25.

*geometry* driver: auto-detecting
*geometry* detected driver: pdftex
*geometry* verbose mode - [ preamble ] result:
* driver: pdftex
* paper: custom
* layout: <same size as paper>
* layoutoffset:(h,v)=(0.0pt,0.0pt)
* modes: 
* h-part:(L,W,R)=(28.45276pt, 540.60236pt, 28.45276pt)
* v-part:(T,H,B)=(42.67912pt, 759.6885pt, 42.67912pt)
* \paperwidth=597.50787pt
* \paperheight=845.04675pt
* \textwidth=540.60236pt
* \textheight=759.6885pt
* \oddsidemargin=-43.81723pt
* \evensidemargin=-43.81723pt
* \topmargin=-125.72275pt
* \headheight=71.13188pt
* \headsep=25.0pt
* \topskip=12.0pt
* \footskip=30.0pt
* \marginparwidth=0.0pt
* \marginparsep=0.0pt
* \columnsep=10.0pt
* \skip\footins=10.8pt plus 4.0pt minus 2.0pt
* \hoffset=0.0pt
* \voffset=0.0pt
* \mag=1000
* \@twocolumnfalse
* \@twosidefalse
* \@mparswitchfalse
* \@reversemarginfalse
* (1in=72.27pt=25.4mm, 1cm=28.453pt)


(C:\Users\user\AppData\Local\Programs\MiKTeX\tex/context/base/mkii\supp-pdf.mki
i
[Loading MPS to PDF converter (version 2006.09.02).]
\scratchcounter=\count297
\scratchdimen=\dimen181
\scratchbox=\box57
\nofMPsegments=\count298
\nofMParguments=\count299
\everyMPshowfont=\toks33
\MPscratchCnt=\count300
\MPscratchDim=\dimen182
\MPnumerator=\count301
\makeMPintoPDFobject=\count302
\everyMPtoPDFconversion=\toks34
)
(C:\Users\user\AppData\Local\Programs\MiKTeX\tex/latex/epstopdf-pkg\epstopdf-ba
se.sty
Package: epstopdf-base 2020-01-24 v2.11 Base part for package epstopdf
Package epstopdf-base Info: Redefining graphics rule for `.eps' on input line 4
85.

(C:\Users\user\AppData\Local\Programs\MiKTeX\tex/latex/00miktex\epstopdf-sys.cf
g
File: epstopdf-sys.cfg 2021/03/18 v2.0 Configuration of epstopdf for MiKTeX
))
(C:\Users\user\AppData\Local\Programs\MiKTeX\tex/latex/pdflscape\pdflscape.sty
Package: pdflscape 2022-10-27 v0.13 Display of landscape pages in PDF

(C:\Users\user\AppData\Local\Programs\MiKTeX\tex/latex/pdflscape\pdflscape-nome
tadata.sty
Package: pdflscape-nometadata 2022-10-28 v0.13 Display of landscape pages in PD
F (HO)

(C:\Users\user\AppData\Local\Programs\MiKTeX\tex/latex/graphics\lscape.sty
Package: lscape 2020/05/28 v3.02 Landscape Pages (DPC)
)
Package pdflscape Info: Auto-detected driver: pdftex on input line 81.
))
Package caption Info: Begin \AtBeginDocument code.
Package caption Info: hyperref package is loaded.
Package caption Info: wrapfig package is loaded.
Package caption Info: End \AtBeginDocument code.
Package hyperref Info: Link coloring ON on input line 25.

(ML1_business_report_haraprasad.out) (ML1_business_report_haraprasad.out)
\@outlinefile=\write3
\openout3 = `ML1_business_report_haraprasad.out'.


(ML1_business_report_haraprasad.toc
LaTeX Font Info:    Trying to load font information for U+msa on input line 3.

(C:\Users\user\AppData\Local\Programs\MiKTeX\tex/latex/amsfonts\umsa.fd
File: umsa.fd 2013/01/14 v3.01 AMS symbols A
)
LaTeX Font Info:    Trying to load font information for U+msb on input line 3.

(C:\Users\user\AppData\Local\Programs\MiKTeX\tex/latex/amsfonts\umsb.fd
File: umsb.fd 2013/01/14 v3.01 AMS symbols B
)
LaTeX Font Info:    Trying to load font information for U+lasy on input line 3.


(C:\Users\user\AppData\Local\Programs\MiKTeX\tex/latex/base\ulasy.fd
File: ulasy.fd 1998/08/17 v2.2e LaTeX symbol font definitions
))
\tf@toc=\write4
\openout4 = `ML1_business_report_haraprasad.toc'.


(ML1_business_report_haraprasad.lof)
\tf@lof=\write5
\openout5 = `ML1_business_report_haraprasad.lof'.

 [1

{C:/Users/user/AppData/Local/MiKTeX/fonts/map/pdftex/pdftex.map}]
<dataset.png, id=117, 552.26324pt x 118.64325pt>
File: dataset.png Graphic file (type png)
<use dataset.png>
Package pdftex.def Info: dataset.png  used on input line 51.
(pdftex.def)             Requested size: 459.51529pt x 98.72006pt.
 [2 <./dataset.png>]
<deceased_dist.png, id=125, 291.06743pt x 386.10248pt>
File: deceased_dist.png Graphic file (type png)
<use deceased_dist.png>
Package pdftex.def Info: deceased_dist.png  used on input line 79.
(pdftex.def)             Requested size: 113.81102pt x 150.96819pt.
<sex_dist.png, id=126, 284.7438pt x 389.71597pt>
File: sex_dist.png Graphic file (type png)
<use sex_dist.png>
Package pdftex.def Info: sex_dist.png  used on input line 86.
(pdftex.def)             Requested size: 113.81102pt x 155.7647pt.
<seatbelt_dist.png, id=127, 284.7438pt x 413.20372pt>
File: seatbelt_dist.png Graphic file (type png)
<use seatbelt_dist.png>
Package pdftex.def Info: seatbelt_dist.png  used on input line 93.
(pdftex.def)             Requested size: 113.81102pt x 165.15245pt.
<occ_role_dist.png, id=128, 284.7438pt x 410.85495pt>
File: occ_role_dist.png Graphic file (type png)
<use occ_role_dist.png>
Package pdftex.def Info: occ_role_dist.png  used on input line 100.
(pdftex.def)             Requested size: 113.81102pt x 164.21368pt.
<frontal_impact_dist.png, id=129, 284.7438pt x 386.28316pt>
File: frontal_impact_dist.png Graphic file (type png)
<use frontal_impact_dist.png>
Package pdftex.def Info: frontal_impact_dist.png  used on input line 107.
(pdftex.def)             Requested size: 113.81102pt x 154.39264pt.
<speed_dist.png, id=130, 452.77155pt x 440.847pt>
File: speed_dist.png Graphic file (type png)
<use speed_dist.png>
Package pdftex.def Info: speed_dist.png  used on input line 114.
(pdftex.def)             Requested size: 199.16928pt x 193.91946pt.

Overfull \hbox (9.95517pt too wide) in paragraph at lines 114--115
 [][] 
 []

<airbag_dist.png, id=131, 340.75305pt x 428.5611pt>
File: airbag_dist.png Graphic file (type png)
<use airbag_dist.png>
Package pdftex.def Info: airbag_dist.png  used on input line 121.
(pdftex.def)             Requested size: 142.26378pt x 178.92198pt.
<veh_duration_dist.png, id=133, 1084.05pt x 722.7pt>
File: veh_duration_dist.png Graphic file (type png)
<use veh_duration_dist.png>
Package pdftex.def Info: veh_duration_dist.png  used on input line 133.
(pdftex.def)             Requested size: 267.59552pt x 178.39186pt.
<age_dist.png, id=134, 1084.05pt x 722.7pt>
File: age_dist.png Graphic file (type png)
<use age_dist.png>
Package pdftex.def Info: age_dist.png  used on input line 140.
(pdftex.def)             Requested size: 267.59552pt x 178.39186pt.

Overfull \hbox (3.15912pt too wide) in paragraph at lines 62--148
[]\OT1/cmr/m/n/12 The de-scrip-tion of each field is as fol-lows : ca-seid: A u
nique iden-ti-fier for each ac-ci-dent case. speed[]range:
 []

[3 <./deceased_dist.png> <./sex_dist.png> <./seatbelt_dist.png> <./occ_role_dis
t.png> <./frontal_impact_dist.png> <./speed_dist.png> <./airbag_dist.png>]
<speed_range_stack_deceased.png, id=150, 656.03093pt x 371.28712pt>
File: speed_range_stack_deceased.png Graphic file (type png)
<use speed_range_stack_deceased.png>
Package pdftex.def Info: speed_range_stack_deceased.png  used on input line 153
.
(pdftex.def)             Requested size: 172.9967pt x 97.90906pt.
<seat_belt_stack_deceased.png, id=151, 488.00317pt x 345.26993pt>
File: seat_belt_stack_deceased.png Graphic file (type png)
<use seat_belt_stack_deceased.png>
Package pdftex.def Info: seat_belt_stack_deceased.png  used on input line 160.
(pdftex.def)             Requested size: 172.9967pt x 122.39519pt.
<fontal_impact_stack_deceased.png, id=152, 488.00317pt x 319.97542pt>
File: fontal_impact_stack_deceased.png Graphic file (type png)
<use fontal_impact_stack_deceased.png>
Package pdftex.def Info: fontal_impact_stack_deceased.png  used on input line 1
67.
(pdftex.def)             Requested size: 172.9967pt x 113.4285pt.
<sex_stack_deceaed.png, id=153, 488.00317pt x 323.22757pt>
File: sex_stack_deceaed.png Graphic file (type png)
<use sex_stack_deceaed.png>
Package pdftex.def Info: sex_stack_deceaed.png  used on input line 174.
(pdftex.def)             Requested size: 172.9967pt x 114.58136pt.
<airbag_stack_deceased.png, id=154, 544.01242pt x 359.72392pt>
File: airbag_stack_deceased.png Graphic file (type png)
<use airbag_stack_deceased.png>
Package pdftex.def Info: airbag_stack_deceased.png  used on input line 181.
(pdftex.def)             Requested size: 172.9967pt x 114.39494pt.
<occ_role_stack_deceased.png, id=155, 488.00317pt x 343.10182pt>
File: occ_role_stack_deceased.png Graphic file (type png)
<use occ_role_stack_deceased.png>
Package pdftex.def Info: occ_role_stack_deceased.png  used on input line 188.
(pdftex.def)             Requested size: 178.39977pt x 125.42744pt.

[4 <./veh_duration_dist.png> <./age_dist.png> <./speed_range_stack_deceased.png
> <./seat_belt_stack_deceased.png> <./fontal_impact_stack_deceased.png> <./sex_
stack_deceaed.png> <./airbag_stack_deceased.png> <./occ_role_stack_deceased.png
>]
<weight_target.png, id=175, 859.47098pt x 714.93097pt>
File: weight_target.png Graphic file (type png)
<use weight_target.png>
Package pdftex.def Info: weight_target.png  used on input line 210.
(pdftex.def)             Requested size: 267.59552pt x 222.58629pt.
<age_of_occ_wrt_target.png, id=176, 858.74828pt x 714.93097pt>
File: age_of_occ_wrt_target.png Graphic file (type png)
<use age_of_occ_wrt_target.png>
Package pdftex.def Info: age_of_occ_wrt_target.png  used on input line 217.
(pdftex.def)             Requested size: 267.59552pt x 222.78265pt.
<veh_usage_dur_wrt_target.png, id=177, 859.47098pt x 714.93097pt>
File: veh_usage_dur_wrt_target.png Graphic file (type png)
<use veh_usage_dur_wrt_target.png>
Package pdftex.def Info: veh_usage_dur_wrt_target.png  used on input line 228.
(pdftex.def)             Requested size: 267.59552pt x 222.58629pt.
<corr.png, id=178, 659.8251pt x 424.58624pt>
File: corr.png Graphic file (type png)
<use corr.png>
Package pdftex.def Info: corr.png  used on input line 235.
(pdftex.def)             Requested size: 267.59552pt x 172.18971pt.

Overfull \hbox (26.29877pt too wide) in paragraph at lines 243--245
\OT1/cmr/m/n/12 cate very weak cor-re-la-tions be-tween dif-fer-ent vari-ables.
 The vari-ables weight, age[]of[]occ, and veh[]usage[]duration
 []

[5 <./weight_target.png> <./age_of_occ_wrt_target.png> <./veh_usage_dur_wrt_tar
get.png> <./corr.png>]
<train_test_split.png, id=188, 218.61674pt x 179.4705pt>
File: train_test_split.png Graphic file (type png)
<use train_test_split.png>
Package pdftex.def Info: train_test_split.png  used on input line 254.
(pdftex.def)             Requested size: 270.30118pt x 221.9222pt.
LaTeX Font Info:    Font shape `U/lasy/b/n' in size <8> not available
(Font)              Font shape `U/lasy/m/n' tried instead on input line 265.
LaTeX Font Info:    Font shape `U/lasy/b/n' in size <6> not available
(Font)              Font shape `U/lasy/m/n' tried instead on input line 265.
 [6 <./train_test_split.png>]
<lg2_summary.png, id=194, 419.76825pt x 147.55125pt>
File: lg2_summary.png Graphic file (type png)
<use lg2_summary.png>
Package pdftex.def Info: lg2_summary.png  used on input line 277.
(pdftex.def)             Requested size: 432.48352pt x 152.02675pt.
<lg_base_train_perf.png, id=195, 211.38976pt x 49.98676pt>
File: lg_base_train_perf.png Graphic file (type png)
<use lg_base_train_perf.png>
Package pdftex.def Info: lg_base_train_perf.png  used on input line 285.
(pdftex.def)             Requested size: 264.89812pt x 62.64343pt.
<lg_base_test_perf.png, id=196, 206.57175pt x 58.41824pt>
File: lg_base_test_perf.png Graphic file (type png)
<use lg_base_test_perf.png>
Package pdftex.def Info: lg_base_test_perf.png  used on input line 291.
(pdftex.def)             Requested size: 264.89812pt x 74.91592pt.
<lg_base_c_Matrix_train.png, id=197, 403.5075pt x 278.2395pt>
File: lg_base_c_Matrix_train.png Graphic file (type png)
<use lg_base_c_Matrix_train.png>
Package pdftex.def Info: lg_base_c_Matrix_train.png  used on input line 296.
(pdftex.def)             Requested size: 270.30118pt x 186.38977pt.
<lg_base_c_Matrix_test.png, id=198, 389.65575pt x 272.81924pt>
File: lg_base_c_Matrix_test.png Graphic file (type png)
<use lg_base_c_Matrix_test.png>
Package pdftex.def Info: lg_base_c_Matrix_test.png  used on input line 302.
(pdftex.def)             Requested size: 243.26941pt x 170.32843pt.
<roc_auc.png, id=201, 417.53993pt x 327.02174pt>
File: roc_auc.png Graphic file (type png)
<use roc_auc.png>
Package pdftex.def Info: roc_auc.png  used on input line 313.
(pdftex.def)             Requested size: 270.30118pt x 211.70334pt.
 [7 <./lg2_summary.png> <./lg_base_train_perf.png> <./lg_base_test_perf.png> <.
/lg_base_c_Matrix_train.png> <./lg_base_c_Matrix_test.png>]
<lg2_train_perf.png, id=221, 184.89075pt x 49.3845pt>
File: lg2_train_perf.png Graphic file (type png)
<use lg2_train_perf.png>
Package pdftex.def Info: lg2_train_perf.png  used on input line 323.
(pdftex.def)             Requested size: 264.89812pt x 70.7602pt.
<lg2_test_perf.png, id=222, 172.84575pt x 45.771pt>
File: lg2_test_perf.png Graphic file (type png)
<use lg2_test_perf.png>
Package pdftex.def Info: lg2_test_perf.png  used on input line 329.
(pdftex.def)             Requested size: 264.89812pt x 70.1474pt.
<lg2_c_Matrix_train.png, id=223, 333.04425pt x 221.02576pt>
File: lg2_c_Matrix_train.png Graphic file (type png)
<use lg2_c_Matrix_train.png>
Package pdftex.def Info: lg2_c_Matrix_train.png  used on input line 334.
(pdftex.def)             Requested size: 270.30118pt x 179.39073pt.
<lg2_c_Matrix_test.png, id=224, 314.3745pt x 223.43475pt>
File: lg2_c_Matrix_test.png Graphic file (type png)
<use lg2_c_Matrix_test.png>
Package pdftex.def Info: lg2_c_Matrix_test.png  used on input line 340.
(pdftex.def)             Requested size: 243.26941pt x 172.90443pt.
 [8 <./roc_auc.png> <./lg2_train_perf.png> <./lg2_test_perf.png> <./lg2_c_Matri
x_train.png> <./lg2_c_Matrix_test.png>]
<knn3_train_perf.png, id=234, 175.25475pt x 45.16875pt>
File: knn3_train_perf.png Graphic file (type png)
<use knn3_train_perf.png>
Package pdftex.def Info: knn3_train_perf.png  used on input line 355.
(pdftex.def)             Requested size: 264.89812pt x 68.27397pt.
<knn3_test_perf.png, id=235, 178.86826pt x 49.98676pt>
File: knn3_test_perf.png Graphic file (type png)
<use knn3_test_perf.png>
Package pdftex.def Info: knn3_test_perf.png  used on input line 361.
(pdftex.def)             Requested size: 264.89812pt x 74.03871pt.
<Knn3_c_Matrix_train.png, id=236, 523.9575pt x 341.47575pt>
File: Knn3_c_Matrix_train.png Graphic file (type png)
<use Knn3_c_Matrix_train.png>
Package pdftex.def Info: Knn3_c_Matrix_train.png  used on input line 366.
(pdftex.def)             Requested size: 270.30118pt x 176.16678pt.
<Knn3_c_Matrix_test.png, id=237, 507.69675pt x 343.88475pt>
File: Knn3_c_Matrix_test.png Graphic file (type png)
<use Knn3_c_Matrix_test.png>
Package pdftex.def Info: Knn3_c_Matrix_test.png  used on input line 372.
(pdftex.def)             Requested size: 243.26941pt x 164.7742pt.
<nb_train_perf.png, id=239, 172.84575pt x 48.18pt>
File: nb_train_perf.png Graphic file (type png)
<use nb_train_perf.png>
Package pdftex.def Info: nb_train_perf.png  used on input line 387.
(pdftex.def)             Requested size: 264.89812pt x 73.83936pt.
<nb_test_perf.png, id=240, 170.43675pt x 48.18pt>
File: nb_test_perf.png Graphic file (type png)
<use nb_test_perf.png>
Package pdftex.def Info: nb_test_perf.png  used on input line 393.
(pdftex.def)             Requested size: 264.89812pt x 74.89578pt.
<nb_c_Matrix_train.png, id=241, 401.70074pt x 275.22826pt>
File: nb_c_Matrix_train.png Graphic file (type png)
<use nb_c_Matrix_train.png>
Package pdftex.def Info: nb_c_Matrix_train.png  used on input line 398.
(pdftex.def)             Requested size: 270.30118pt x 185.2041pt.
<nb_c_Matrix_test.png, id=242, 395.67825pt x 272.81924pt>
File: nb_c_Matrix_test.png Graphic file (type png)
<use nb_c_Matrix_test.png>
Package pdftex.def Info: nb_c_Matrix_test.png  used on input line 404.
(pdftex.def)             Requested size: 243.26941pt x 167.73495pt.


LaTeX Warning: `h' float specifier changed to `ht'.

[9

 <./knn3_train_perf.png> <./knn3_test_perf.png> <./Knn3_c_Matrix_train.png> <./
Knn3_c_Matrix_test.png>] [10 <./nb_train_perf.png> <./nb_test_perf.png> <./nb_c
_Matrix_train.png> <./nb_c_Matrix_test.png>]
<dTree_base_train_perf.png, id=259, 208.98074pt x 54.2025pt>
File: dTree_base_train_perf.png Graphic file (type png)
<use dTree_base_train_perf.png>
Package pdftex.def Info: dTree_base_train_perf.png  used on input line 419.
(pdftex.def)             Requested size: 264.89812pt x 68.70903pt.
<dTree_base_test_perf.png, id=260, 210.7875pt x 55.407pt>
File: dTree_base_test_perf.png Graphic file (type png)
<use dTree_base_test_perf.png>
Package pdftex.def Info: dTree_base_test_perf.png  used on input line 425.
(pdftex.def)             Requested size: 264.89812pt x 69.6314pt.
<dTree_c_Matrix_train.png, id=261, 325.81725pt x 225.84375pt>
File: dTree_c_Matrix_train.png Graphic file (type png)
<use dTree_c_Matrix_train.png>
Package pdftex.def Info: dTree_c_Matrix_train.png  used on input line 430.
(pdftex.def)             Requested size: 254.08376pt x 176.12294pt.
<dTree_c_Matrix_test.png, id=262, 317.38576pt x 224.63925pt>
File: dTree_c_Matrix_test.png Graphic file (type png)
<use dTree_c_Matrix_test.png>
Package pdftex.def Info: dTree_c_Matrix_test.png  used on input line 436.
(pdftex.def)             Requested size: 243.26941pt x 172.18437pt.
<Tuned_dtree_classifier.png, id=263, 585.98924pt x 73.4745pt>
File: Tuned_dtree_classifier.png Graphic file (type png)
<use Tuned_dtree_classifier.png>
Package pdftex.def Info: Tuned_dtree_classifier.png  used on input line 449.
(pdftex.def)             Requested size: 432.48352pt x 54.22787pt.
<dTree_train_perf.png, id=264, 174.6525pt x 45.771pt>
File: dTree_train_perf.png Graphic file (type png)
<use dTree_train_perf.png>
Package pdftex.def Info: dTree_train_perf.png  used on input line 458.
(pdftex.def)             Requested size: 264.89812pt x 69.43224pt.
<dTree_test_perf.png, id=265, 172.84575pt x 46.37325pt>
File: dTree_test_perf.png Graphic file (type png)
<use dTree_test_perf.png>
Package pdftex.def Info: dTree_test_perf.png  used on input line 464.
(pdftex.def)             Requested size: 264.89812pt x 71.0704pt.
File: dTree_c_Matrix_train.png Graphic file (type png)
<use dTree_c_Matrix_train.png>
Package pdftex.def Info: dTree_c_Matrix_train.png  used on input line 469.
(pdftex.def)             Requested size: 254.08376pt x 176.12294pt.
File: dTree_c_Matrix_test.png Graphic file (type png)
<use dTree_c_Matrix_test.png>
Package pdftex.def Info: dTree_c_Matrix_test.png  used on input line 475.
(pdftex.def)             Requested size: 243.26941pt x 172.18437pt.


LaTeX Warning: `h' float specifier changed to `ht'.

<dTree_vis.png, id=266, 1134.639pt x 570.933pt>
File: dTree_vis.png Graphic file (type png)
<use dTree_vis.png>
Package pdftex.def Info: dTree_vis.png  used on input line 484.
(pdftex.def)             Requested size: 378.42pt x 190.41216pt.

LaTeX Warning: `h' float specifier changed to `ht'.

<_feat_importance.png, id=267, 596.76953pt x 505.1673pt>
File: _feat_importance.png Graphic file (type png)
<use _feat_importance.png>
Package pdftex.def Info: _feat_importance.png  used on input line 491.
(pdftex.def)             Requested size: 540.61162pt x 256.07484pt.

LaTeX Warning: `h' float specifier changed to `ht'.

[11

 <./dTree_base_train_perf.png> <./dTree_base_test_perf.png> <./dTree_c_Matrix_t
rain.png> <./dTree_c_Matrix_test.png> <./Tuned_dtree_classifier.png>]
[12 <./dTree_train_perf.png> <./dTree_test_perf.png>] [13 <./dTree_vis.png> <./
_feat_importance.png>]
<training_perf_compare.png, id=292, 629.9535pt x 109.00725pt>
File: training_perf_compare.png Graphic file (type png)
<use training_perf_compare.png>
Package pdftex.def Info: training_perf_compare.png  used on input line 501.
(pdftex.def)             Requested size: 540.60236pt x 93.54646pt.
<test_perf_copmpare.png, id=293, 623.32875pt x 112.62074pt>
File: test_perf_copmpare.png Graphic file (type png)
<use test_perf_copmpare.png>
Package pdftex.def Info: test_perf_copmpare.png  used on input line 508.
(pdftex.def)             Requested size: 540.60236pt x 97.67506pt.
 [14

 <./training_perf_compare.png> <./test_perf_copmpare.png>] [15] (ML1_business_r
eport_haraprasad.aux)
Package rerunfilecheck Info: File `ML1_business_report_haraprasad.out' has not 
changed.
(rerunfilecheck)             Checksum: 566E6C4CE08738C5871A383BFD00AD08;2067.
 ) 
Here is how much of TeX's memory you used:
 13373 strings out of 476331
 222034 string characters out of 5788238
 1871660 words of memory out of 5000000
 33513 multiletter control sequences out of 15000+600000
 521973 words of font info for 69 fonts, out of 8000000 for 9000
 1141 hyphenation exceptions out of 8191
 75i,9n,76p,1059b,565s stack positions out of 10000i,1000n,20000p,200000b,200000s
 <C:\Users\user\AppData\Local\MiKTeX\fonts/pk/ljfour/jknappen/ec/dpi600\tcrm1
200.pk><C:/Users/user/AppData/Local/Programs/MiKTeX/fonts/type1/public/amsfonts
/cm/cmbx12.pfb><C:/Users/user/AppData/Local/Programs/MiKTeX/fonts/type1/public/
amsfonts/cm/cmex10.pfb><C:/Users/user/AppData/Local/Programs/MiKTeX/fonts/type1
/public/amsfonts/cm/cmmi12.pfb><C:/Users/user/AppData/Local/Programs/MiKTeX/fon
ts/type1/public/amsfonts/cm/cmmi8.pfb><C:/Users/user/AppData/Local/Programs/MiK
TeX/fonts/type1/public/amsfonts/cm/cmmib10.pfb><C:/Users/user/AppData/Local/Pro
grams/MiKTeX/fonts/type1/public/amsfonts/cm/cmr10.pfb><C:/Users/user/AppData/Lo
cal/Programs/MiKTeX/fonts/type1/public/amsfonts/cm/cmr12.pfb><C:/Users/user/App
Data/Local/Programs/MiKTeX/fonts/type1/public/amsfonts/cm/cmr8.pfb><C:/Users/us
er/AppData/Local/Programs/MiKTeX/fonts/type1/public/amsfonts/cm/cmsy10.pfb>
Output written on ML1_business_report_haraprasad.pdf (15 pages, 4397901 bytes).

PDF statistics:
 362 PDF objects out of 1000 (max. 8388607)
 55 named destinations out of 1000 (max. 500000)
 355 words of extra memory for PDF output out of 10000 (max. 10000000)

