This is pdfTeX, Version 3.141592653-2.6-1.40.25 (MiKTeX 23.4) (preloaded format=pdflatex 2023.9.9)  15 DEC 2024 23:45
entering extended mode
 restricted \write18 enabled.
 %&-line parsing enabled.
**./UL_business_report_Haraprasad.tex
(UL_business_report_Haraprasad.tex
LaTeX2e <2022-11-01> patch level 1
L3 programming layer <2023-03-30> (style.cls
Document Class: style 2023/03/20 SwissFEL and SLS proposal class
(C:\Users\user\AppData\Local\Programs\MiKTeX\tex/latex/base\article.cls
Document Class: article 2022/07/02 v1.4n Standard LaTeX document class
(C:\Users\user\AppData\Local\Programs\MiKTeX\tex/latex/base\size12.clo
File: size12.clo 2022/07/02 v1.4n Standard LaTeX file (size option)
)
\c@part=\count185
\c@section=\count186
\c@subsection=\count187
\c@subsubsection=\count188
\c@paragraph=\count189
\c@subparagraph=\count190
\c@figure=\count191
\c@table=\count192
\abovecaptionskip=\skip48
\belowcaptionskip=\skip49
\bibindent=\dimen140
)
(C:\Users\user\AppData\Local\Programs\MiKTeX\tex/latex/tools\calc.sty
Package: calc 2017/05/25 v4.3 Infix arithmetic (KKT,FJ)
\calc@Acount=\count193
\calc@Bcount=\count194
\calc@Adimen=\dimen141
\calc@Bdimen=\dimen142
\calc@Askip=\skip50
\calc@Bskip=\skip51
LaTeX Info: Redefining \setlength on input line 80.
LaTeX Info: Redefining \addtolength on input line 81.
\calc@Ccount=\count195
\calc@Cskip=\skip52
)
(C:\Users\user\AppData\Local\Programs\MiKTeX\tex/latex/tools\indentfirst.sty
Package: indentfirst 1995/11/23 v1.03 Indent first paragraph (DPC)
)
(C:\Users\user\AppData\Local\Programs\MiKTeX\tex/latex/psnfss\helvet.sty
Package: helvet 2020/03/25 PSNFSS-v9.3 (WaS) 

(C:\Users\user\AppData\Local\Programs\MiKTeX\tex/latex/graphics\keyval.sty
Package: keyval 2022/05/29 v1.15 key=value parser (DPC)
\KV@toks@=\toks16
))
(C:\Users\user\AppData\Local\Programs\MiKTeX\tex/latex/lipsum\lipsum.sty
(C:\Users\user\AppData\Local\Programs\MiKTeX\tex/latex/l3packages/l3keys2e\l3ke
ys2e.sty
(C:\Users\user\AppData\Local\Programs\MiKTeX\tex/latex/l3kernel\expl3.sty
Package: expl3 2023-03-30 L3 programming layer (loader) 

(C:\Users\user\AppData\Local\Programs\MiKTeX\tex/latex/l3backend\l3backend-pdft
ex.def
File: l3backend-pdftex.def 2023-03-30 L3 backend support: PDF output (pdfTeX)
\l__color_backend_stack_int=\count196
\l__pdf_internal_box=\box51
))
Package: l3keys2e 2023-02-02 LaTeX2e option processing using LaTeX3 keys
)
Package: lipsum 2021-09-20 v2.7 150 paragraphs of Lorem Ipsum dummy text
\g__lipsum_par_int=\count197
\l__lipsum_a_int=\count198
\l__lipsum_b_int=\count199

(C:\Users\user\AppData\Local\Programs\MiKTeX\tex/latex/lipsum\lipsum.ltd.tex))
(C:\Users\user\AppData\Local\Programs\MiKTeX\tex/latex/geometry\geometry.sty
Package: geometry 2020/01/02 v5.9 Page Geometry

(C:\Users\user\AppData\Local\Programs\MiKTeX\tex/generic/iftex\ifvtex.sty
Package: ifvtex 2019/10/25 v1.7 ifvtex legacy package. Use iftex instead.

(C:\Users\user\AppData\Local\Programs\MiKTeX\tex/generic/iftex\iftex.sty
Package: iftex 2022/02/03 v1.0f TeX engine tests
))
\Gm@cnth=\count266
\Gm@cntv=\count267
\c@Gm@tempcnt=\count268
\Gm@bindingoffset=\dimen143
\Gm@wd@mp=\dimen144
\Gm@odd@mp=\dimen145
\Gm@even@mp=\dimen146
\Gm@layoutwidth=\dimen147
\Gm@layoutheight=\dimen148
\Gm@layouthoffset=\dimen149
\Gm@layoutvoffset=\dimen150
\Gm@dimlist=\toks17

(C:\Users\user\AppData\Local\Programs\MiKTeX\tex/latex/geometry\geometry.cfg)))
(C:\Users\user\AppData\Local\Programs\MiKTeX\tex/latex/graphics\graphicx.sty
Package: graphicx 2021/09/16 v1.2d Enhanced LaTeX Graphics (DPC,SPQR)

(C:\Users\user\AppData\Local\Programs\MiKTeX\tex/latex/graphics\graphics.sty
Package: graphics 2022/03/10 v1.4e Standard LaTeX Graphics (DPC,SPQR)

(C:\Users\user\AppData\Local\Programs\MiKTeX\tex/latex/graphics\trig.sty
Package: trig 2021/08/11 v1.11 sin cos tan (DPC)
)
(C:\Users\user\AppData\Local\Programs\MiKTeX\tex/latex/graphics-cfg\graphics.cf
g
File: graphics.cfg 2016/06/04 v1.11 sample graphics configuration
)
Package graphics Info: Driver file: pdftex.def on input line 107.

(C:\Users\user\AppData\Local\Programs\MiKTeX\tex/latex/graphics-def\pdftex.def
File: pdftex.def 2022/09/22 v1.2b Graphics/color driver for pdftex
))
\Gin@req@height=\dimen151
\Gin@req@width=\dimen152
) (C:\Users\user\AppData\Local\Programs\MiKTeX\tex/latex/amsmath\amsmath.sty
Package: amsmath 2022/04/08 v2.17n AMS math features
\@mathmargin=\skip53

For additional information on amsmath, use the `?' option.
(C:\Users\user\AppData\Local\Programs\MiKTeX\tex/latex/amsmath\amstext.sty
Package: amstext 2021/08/26 v2.01 AMS text

(C:\Users\user\AppData\Local\Programs\MiKTeX\tex/latex/amsmath\amsgen.sty
File: amsgen.sty 1999/11/30 v2.0 generic functions
\@emptytoks=\toks18
\ex@=\dimen153
))
(C:\Users\user\AppData\Local\Programs\MiKTeX\tex/latex/amsmath\amsbsy.sty
Package: amsbsy 1999/11/29 v1.2d Bold Symbols
\pmbraise@=\dimen154
)
(C:\Users\user\AppData\Local\Programs\MiKTeX\tex/latex/amsmath\amsopn.sty
Package: amsopn 2022/04/08 v2.04 operator names
)
\inf@bad=\count269
LaTeX Info: Redefining \frac on input line 234.
\uproot@=\count270
\leftroot@=\count271
LaTeX Info: Redefining \overline on input line 399.
LaTeX Info: Redefining \colon on input line 410.
\classnum@=\count272
\DOTSCASE@=\count273
LaTeX Info: Redefining \ldots on input line 496.
LaTeX Info: Redefining \dots on input line 499.
LaTeX Info: Redefining \cdots on input line 620.
\Mathstrutbox@=\box52
\strutbox@=\box53
LaTeX Info: Redefining \big on input line 722.
LaTeX Info: Redefining \Big on input line 723.
LaTeX Info: Redefining \bigg on input line 724.
LaTeX Info: Redefining \Bigg on input line 725.
\big@size=\dimen155
LaTeX Font Info:    Redeclaring font encoding OML on input line 743.
LaTeX Font Info:    Redeclaring font encoding OMS on input line 744.
\macc@depth=\count274
LaTeX Info: Redefining \bmod on input line 905.
LaTeX Info: Redefining \pmod on input line 910.
LaTeX Info: Redefining \smash on input line 940.
LaTeX Info: Redefining \relbar on input line 970.
LaTeX Info: Redefining \Relbar on input line 971.
\c@MaxMatrixCols=\count275
\dotsspace@=\muskip16
\c@parentequation=\count276
\dspbrk@lvl=\count277
\tag@help=\toks19
\row@=\count278
\column@=\count279
\maxfields@=\count280
\andhelp@=\toks20
\eqnshift@=\dimen156
\alignsep@=\dimen157
\tagshift@=\dimen158
\tagwidth@=\dimen159
\totwidth@=\dimen160
\lineht@=\dimen161
\@envbody=\toks21
\multlinegap=\skip54
\multlinetaggap=\skip55
\mathdisplay@stack=\toks22
LaTeX Info: Redefining \[ on input line 2953.
LaTeX Info: Redefining \] on input line 2954.
)
(C:\Users\user\AppData\Local\Programs\MiKTeX\tex/latex/amsfonts\amsfonts.sty
Package: amsfonts 2013/01/14 v3.01 Basic AMSFonts support
\symAMSa=\mathgroup4
\symAMSb=\mathgroup5
LaTeX Font Info:    Redeclaring math symbol \hbar on input line 98.
LaTeX Font Info:    Overwriting math alphabet `\mathfrak' in version `bold'
(Font)                  U/euf/m/n --> U/euf/b/n on input line 106.
)
(C:\Users\user\AppData\Local\Programs\MiKTeX\tex/latex/amscls\amsthm.sty
Package: amsthm 2020/05/29 v2.20.6
\thm@style=\toks23
\thm@bodyfont=\toks24
\thm@headfont=\toks25
\thm@notefont=\toks26
\thm@headpunct=\toks27
\thm@preskip=\skip56
\thm@postskip=\skip57
\thm@headsep=\skip58
\dth@everypar=\toks28
)
(C:\Users\user\AppData\Local\Programs\MiKTeX\tex/latex/base\latexsym.sty
Package: latexsym 1998/08/17 v2.2e Standard LaTeX package (lasy symbols)
\symlasy=\mathgroup6
LaTeX Font Info:    Overwriting symbol font `lasy' in version `bold'
(Font)                  U/lasy/m/n --> U/lasy/b/n on input line 52.
)
(C:\Users\user\AppData\Local\Programs\MiKTeX\tex/latex/amsfonts\amssymb.sty
Package: amssymb 2013/01/14 v3.01 AMS font symbols
)
(C:\Users\user\AppData\Local\Programs\MiKTeX\tex/latex/pdfpages\pdfpages.sty
Package: pdfpages 2024/01/21 v0.5y Insert pages of external PDF documents (AM)

(C:\Users\user\AppData\Local\Programs\MiKTeX\tex/latex/base\ifthen.sty
Package: ifthen 2022/04/13 v1.1d Standard LaTeX ifthen package (DPC)
)
(C:\Users\user\AppData\Local\Programs\MiKTeX\tex/latex/eso-pic\eso-pic.sty
Package: eso-pic 2023/05/03 v3.0c eso-pic (RN)
\ESO@tempdima=\dimen162
\ESO@tempdimb=\dimen163

(C:\Users\user\AppData\Local\Programs\MiKTeX\tex/latex/xcolor\xcolor.sty
Package: xcolor 2022/06/12 v2.14 LaTeX color extensions (UK)

(C:\Users\user\AppData\Local\Programs\MiKTeX\tex/latex/graphics-cfg\color.cfg
File: color.cfg 2016/01/02 v1.6 sample color configuration
)
Package xcolor Info: Driver file: pdftex.def on input line 227.

(C:\Users\user\AppData\Local\Programs\MiKTeX\tex/latex/graphics\mathcolor.ltx)
Package xcolor Info: Model `cmy' substituted by `cmy0' on input line 1353.
Package xcolor Info: Model `hsb' substituted by `rgb' on input line 1357.
Package xcolor Info: Model `RGB' extended on input line 1369.
Package xcolor Info: Model `HTML' substituted by `rgb' on input line 1371.
Package xcolor Info: Model `Hsb' substituted by `hsb' on input line 1372.
Package xcolor Info: Model `tHsb' substituted by `hsb' on input line 1373.
Package xcolor Info: Model `HSB' substituted by `hsb' on input line 1374.
Package xcolor Info: Model `Gray' substituted by `gray' on input line 1375.
Package xcolor Info: Model `wave' substituted by `hsb' on input line 1376.
))
\AM@pagewidth=\dimen164
\AM@pageheight=\dimen165
\AM@fboxrule=\dimen166
 (C:\Users\user\AppData\Local\Programs\MiKTeX\tex/latex/pdfpages\pppdftex.def
File: pppdftex.def 2024/01/21 v0.5y Pdfpages driver for pdfTeX (AM)
)
\pdfpages@includegraphics@status=\count281
\AM@pagebox=\box54
\AM@global@opts=\toks29
\AM@pagecnt=\count282
\AM@toc@title=\toks30
\AM@lof@heading=\toks31
\c@AM@survey=\count283
\AM@templatesizebox=\box55
) (C:\Users\user\AppData\Local\Programs\MiKTeX\tex/latex/caption\caption.sty
Package: caption 2023/08/05 v3.6o Customizing captions (AR)

(C:\Users\user\AppData\Local\Programs\MiKTeX\tex/latex/caption\caption3.sty
Package: caption3 2023/07/31 v2.4d caption3 kernel (AR)
\caption@tempdima=\dimen167
\captionmargin=\dimen168
\caption@leftmargin=\dimen169
\caption@rightmargin=\dimen170
\caption@width=\dimen171
\caption@indent=\dimen172
\caption@parindent=\dimen173
\caption@hangindent=\dimen174
Package caption Info: Unknown document class (or package),
(caption)             standard defaults will be used.
Package caption Info: \@makecaption = \long macro:#1#2->\vskip \abovecaptionski
p \sbox \@tempboxa {\normalsize \fontsize {10}{12}\selectfont #1: #2}\ifdim \wd
 \@tempboxa >\hsize \normalsize \fontsize {10}{12}\selectfont #1: #2\par \else 
\global \@minipagefalse \hb@xt@ \hsize {\hfil \box \@tempboxa \hfil }\fi \vskip
 \belowcaptionskip  on input line 1175.
)

Package caption Warning: Unknown document class (or package),
(caption)                standard defaults will be used.
See the caption package documentation for explanation.

\c@caption@flags=\count284
\c@continuedfloat=\count285
) (C:\Users\user\AppData\Local\Programs\MiKTeX\tex/latex/caption\subcaption.sty
Package: subcaption 2023/07/28 v1.6b Sub-captions (AR)
Package caption Info: New subtype `subfigure' on input line 238.
\c@subfigure=\count286
Package caption Info: New subtype `subtable' on input line 238.
\c@subtable=\count287
) (C:\Users\user\AppData\Local\Programs\MiKTeX\tex/latex/hyperref\hyperref.sty
Package: hyperref 2023-02-07 v7.00v Hypertext links for LaTeX

(C:\Users\user\AppData\Local\Programs\MiKTeX\tex/generic/ltxcmds\ltxcmds.sty
Package: ltxcmds 2023-12-04 v1.26 LaTeX kernel commands for general use (HO)
)
(C:\Users\user\AppData\Local\Programs\MiKTeX\tex/generic/pdftexcmds\pdftexcmds.
sty
Package: pdftexcmds 2020-06-27 v0.33 Utility functions of pdfTeX for LuaTeX (HO
)

(C:\Users\user\AppData\Local\Programs\MiKTeX\tex/generic/infwarerr\infwarerr.st
y
Package: infwarerr 2019/12/03 v1.5 Providing info/warning/error messages (HO)
)
Package pdftexcmds Info: \pdf@primitive is available.
Package pdftexcmds Info: \pdf@ifprimitive is available.
Package pdftexcmds Info: \pdfdraftmode found.
)
(C:\Users\user\AppData\Local\Programs\MiKTeX\tex/latex/kvsetkeys\kvsetkeys.sty
Package: kvsetkeys 2022-10-05 v1.19 Key value parser (HO)
)
(C:\Users\user\AppData\Local\Programs\MiKTeX\tex/generic/kvdefinekeys\kvdefinek
eys.sty
Package: kvdefinekeys 2019-12-19 v1.6 Define keys (HO)
)
(C:\Users\user\AppData\Local\Programs\MiKTeX\tex/generic/pdfescape\pdfescape.st
y
Package: pdfescape 2019/12/09 v1.15 Implements pdfTeX's escape features (HO)
) (C:\Users\user\AppData\Local\Programs\MiKTeX\tex/latex/hycolor\hycolor.sty
Package: hycolor 2020-01-27 v1.10 Color options for hyperref/bookmark (HO)
)
(C:\Users\user\AppData\Local\Programs\MiKTeX\tex/latex/letltxmacro\letltxmacro.
sty
Package: letltxmacro 2019/12/03 v1.6 Let assignment for LaTeX macros (HO)
) (C:\Users\user\AppData\Local\Programs\MiKTeX\tex/latex/auxhook\auxhook.sty
Package: auxhook 2019-12-17 v1.6 Hooks for auxiliary files (HO)
) (C:\Users\user\AppData\Local\Programs\MiKTeX\tex/latex/hyperref\nameref.sty
Package: nameref 2022-05-17 v2.50 Cross-referencing by name of section

(C:\Users\user\AppData\Local\Programs\MiKTeX\tex/latex/refcount\refcount.sty
Package: refcount 2019/12/15 v3.6 Data extraction from label references (HO)
)
(C:\Users\user\AppData\Local\Programs\MiKTeX\tex/generic/gettitlestring\gettitl
estring.sty
Package: gettitlestring 2019/12/15 v1.6 Cleanup title references (HO)

(C:\Users\user\AppData\Local\Programs\MiKTeX\tex/latex/kvoptions\kvoptions.sty
Package: kvoptions 2022-06-15 v3.15 Key value format for package options (HO)
))
\c@section@level=\count288
)
\@linkdim=\dimen175
\Hy@linkcounter=\count289
\Hy@pagecounter=\count290
 (C:\Users\user\AppData\Local\Programs\MiKTeX\tex/latex/hyperref\pd1enc.def
File: pd1enc.def 2023-02-07 v7.00v Hyperref: PDFDocEncoding definition (HO)
Now handling font encoding PD1 ...
... no UTF-8 mapping file for font encoding PD1
)
(C:\Users\user\AppData\Local\Programs\MiKTeX\tex/generic/intcalc\intcalc.sty
Package: intcalc 2019/12/15 v1.3 Expandable calculations with integers (HO)
)
(C:\Users\user\AppData\Local\Programs\MiKTeX\tex/generic/etexcmds\etexcmds.sty
Package: etexcmds 2019/12/15 v1.7 Avoid name clashes with e-TeX commands (HO)
)
\Hy@SavedSpaceFactor=\count291
(C:\Users\user\AppData\Local\Programs\MiKTeX\tex/latex/hyperref\puenc.def
File: puenc.def 2023-02-07 v7.00v Hyperref: PDF Unicode definition (HO)
Now handling font encoding PU ...
... no UTF-8 mapping file for font encoding PU
)
Package hyperref Info: Hyper figures OFF on input line 4177.
Package hyperref Info: Link nesting OFF on input line 4182.
Package hyperref Info: Hyper index ON on input line 4185.
Package hyperref Info: Plain pages OFF on input line 4192.
Package hyperref Info: Backreferencing OFF on input line 4197.
Package hyperref Info: Implicit mode ON; LaTeX internals redefined.
Package hyperref Info: Bookmarks ON on input line 4425.
\c@Hy@tempcnt=\count292

(C:\Users\user\AppData\Local\Programs\MiKTeX\tex/latex/url\url.sty
\Urlmuskip=\muskip17
Package: url 2013/09/16  ver 3.4  Verb mode for urls, etc.
)
LaTeX Info: Redefining \url on input line 4763.
\XeTeXLinkMargin=\dimen176

(C:\Users\user\AppData\Local\Programs\MiKTeX\tex/generic/bitset\bitset.sty
Package: bitset 2019/12/09 v1.3 Handle bit-vector datatype (HO)

(C:\Users\user\AppData\Local\Programs\MiKTeX\tex/generic/bigintcalc\bigintcalc.
sty
Package: bigintcalc 2019/12/15 v1.5 Expandable calculations on big integers (HO
)
))
\Fld@menulength=\count293
\Field@Width=\dimen177
\Fld@charsize=\dimen178
Package hyperref Info: Hyper figures OFF on input line 6042.
Package hyperref Info: Link nesting OFF on input line 6047.
Package hyperref Info: Hyper index ON on input line 6050.
Package hyperref Info: backreferencing OFF on input line 6057.
Package hyperref Info: Link coloring OFF on input line 6062.
Package hyperref Info: Link coloring with OCG OFF on input line 6067.
Package hyperref Info: PDF/A mode OFF on input line 6072.

(C:\Users\user\AppData\Local\Programs\MiKTeX\tex/latex/base\atbegshi-ltx.sty
Package: atbegshi-ltx 2021/01/10 v1.0c Emulation of the original atbegshi
package with kernel methods
)
\Hy@abspage=\count294
\c@Item=\count295
\c@Hfootnote=\count296
)
Package hyperref Info: Driver (autodetected): hpdftex.

(C:\Users\user\AppData\Local\Programs\MiKTeX\tex/latex/hyperref\hpdftex.def
File: hpdftex.def 2023-02-07 v7.00v Hyperref driver for pdfTeX

(C:\Users\user\AppData\Local\Programs\MiKTeX\tex/latex/base\atveryend-ltx.sty
Package: atveryend-ltx 2020/08/19 v1.0a Emulation of the original atveryend pac
kage
with kernel methods
)
\Fld@listcount=\count297
\c@bookmark@seq@number=\count298

(C:\Users\user\AppData\Local\Programs\MiKTeX\tex/latex/rerunfilecheck\rerunfile
check.sty
Package: rerunfilecheck 2022-07-10 v1.10 Rerun checks for auxiliary files (HO)

(C:\Users\user\AppData\Local\Programs\MiKTeX\tex/generic/uniquecounter\uniqueco
unter.sty
Package: uniquecounter 2019/12/15 v1.4 Provide unlimited unique counter (HO)
)
Package uniquecounter Info: New unique counter `rerunfilecheck' on input line 2
85.
)
\Hy@SectionHShift=\skip59
)
Package hyperref Info: Option `colorlinks' set `true' on input line 19.

(C:\Users\user\AppData\Local\Programs\MiKTeX\tex/latex/wrapfig\wrapfig.sty
\wrapoverhang=\dimen179
\WF@size=\dimen180
\c@WF@wrappedlines=\count299
\WF@box=\box56
\WF@everypar=\toks32
Package: wrapfig 2003/01/31  v 3.6
)
(C:\Users\user\AppData\Local\Programs\MiKTeX\tex/latex/tools\multicol.sty
Package: multicol 2021/11/30 v1.9d multicolumn formatting (FMi)
\c@tracingmulticols=\count300
\mult@box=\box57
\multicol@leftmargin=\dimen181
\c@unbalance=\count301
\c@collectmore=\count302
\doublecol@number=\count303
\multicoltolerance=\count304
\multicolpretolerance=\count305
\full@width=\dimen182
\page@free=\dimen183
\premulticols=\dimen184
\postmulticols=\dimen185
\multicolsep=\skip60
\multicolbaselineskip=\skip61
\partial@page=\box58
\last@line=\box59
\maxbalancingoverflow=\dimen186
\mult@rightbox=\box60
\mult@grightbox=\box61
\mult@firstbox=\box62
\mult@gfirstbox=\box63
\@tempa=\box64
\@tempa=\box65
\@tempa=\box66
\@tempa=\box67
\@tempa=\box68
\@tempa=\box69
\@tempa=\box70
\@tempa=\box71
\@tempa=\box72
\@tempa=\box73
\@tempa=\box74
\@tempa=\box75
\@tempa=\box76
\@tempa=\box77
\@tempa=\box78
\@tempa=\box79
\@tempa=\box80
\@tempa=\box81
\@tempa=\box82
\@tempa=\box83
\@tempa=\box84
\@tempa=\box85
\@tempa=\box86
\@tempa=\box87
\@tempa=\box88
\@tempa=\box89
\@tempa=\box90
\@tempa=\box91
\@tempa=\box92
\@tempa=\box93
\@tempa=\box94
\@tempa=\box95
\@tempa=\box96
\@tempa=\box97
\@tempa=\box98
\@tempa=\box99
\c@minrows=\count306
\c@columnbadness=\count307
\c@finalcolumnbadness=\count308
\last@try=\dimen187
\multicolovershoot=\dimen188
\multicolundershoot=\dimen189
\mult@nat@firstbox=\box100
\colbreak@box=\box101
\mc@col@check@num=\count309
)
LaTeX Font Info:    Trying to load font information for OT1+phv on input line 2
8.

(C:\Users\user\AppData\Local\Programs\MiKTeX\tex/latex/psnfss\ot1phv.fd
File: ot1phv.fd 2020/03/25 scalable font definitions for OT1/phv.
)
(UL_business_report_Haraprasad.aux)
\openout1 = `UL_business_report_Haraprasad.aux'.

LaTeX Font Info:    Checking defaults for OML/cmm/m/it on input line 28.
LaTeX Font Info:    ... okay on input line 28.
LaTeX Font Info:    Checking defaults for OMS/cmsy/m/n on input line 28.
LaTeX Font Info:    ... okay on input line 28.
LaTeX Font Info:    Checking defaults for OT1/cmr/m/n on input line 28.
LaTeX Font Info:    ... okay on input line 28.
LaTeX Font Info:    Checking defaults for T1/cmr/m/n on input line 28.
LaTeX Font Info:    ... okay on input line 28.
LaTeX Font Info:    Checking defaults for TS1/cmr/m/n on input line 28.
LaTeX Font Info:    ... okay on input line 28.
LaTeX Font Info:    Checking defaults for OMX/cmex/m/n on input line 28.
LaTeX Font Info:    ... okay on input line 28.
LaTeX Font Info:    Checking defaults for U/cmr/m/n on input line 28.
LaTeX Font Info:    ... okay on input line 28.
LaTeX Font Info:    Checking defaults for PD1/pdf/m/n on input line 28.
LaTeX Font Info:    ... okay on input line 28.
LaTeX Font Info:    Checking defaults for PU/pdf/m/n on input line 28.
LaTeX Font Info:    ... okay on input line 28.

*geometry* driver: auto-detecting
*geometry* detected driver: pdftex
*geometry* verbose mode - [ preamble ] result:
* driver: pdftex
* paper: custom
* layout: <same size as paper>
* layoutoffset:(h,v)=(0.0pt,0.0pt)
* modes: 
* h-part:(L,W,R)=(28.45276pt, 540.60236pt, 28.45276pt)
* v-part:(T,H,B)=(42.67912pt, 759.6885pt, 42.67912pt)
* \paperwidth=597.50787pt
* \paperheight=845.04675pt
* \textwidth=540.60236pt
* \textheight=759.6885pt
* \oddsidemargin=-43.81723pt
* \evensidemargin=-43.81723pt
* \topmargin=-100.72275pt
* \headheight=71.13188pt
* \headsep=0.0pt
* \topskip=12.0pt
* \footskip=30.0pt
* \marginparwidth=0.0pt
* \marginparsep=0.0pt
* \columnsep=10.0pt
* \skip\footins=10.8pt plus 4.0pt minus 2.0pt
* \hoffset=0.0pt
* \voffset=0.0pt
* \mag=1000
* \@twocolumnfalse
* \@twosidefalse
* \@mparswitchfalse
* \@reversemarginfalse
* (1in=72.27pt=25.4mm, 1cm=28.453pt)


(C:\Users\user\AppData\Local\Programs\MiKTeX\tex/context/base/mkii\supp-pdf.mki
i
[Loading MPS to PDF converter (version 2006.09.02).]
\scratchcounter=\count310
\scratchdimen=\dimen190
\scratchbox=\box102
\nofMPsegments=\count311
\nofMParguments=\count312
\everyMPshowfont=\toks33
\MPscratchCnt=\count313
\MPscratchDim=\dimen191
\MPnumerator=\count314
\makeMPintoPDFobject=\count315
\everyMPtoPDFconversion=\toks34
)
(C:\Users\user\AppData\Local\Programs\MiKTeX\tex/latex/epstopdf-pkg\epstopdf-ba
se.sty
Package: epstopdf-base 2020-01-24 v2.11 Base part for package epstopdf
Package epstopdf-base Info: Redefining graphics rule for `.eps' on input line 4
85.

(C:\Users\user\AppData\Local\Programs\MiKTeX\tex/latex/00miktex\epstopdf-sys.cf
g
File: epstopdf-sys.cfg 2021/03/18 v2.0 Configuration of epstopdf for MiKTeX
))
(C:\Users\user\AppData\Local\Programs\MiKTeX\tex/latex/pdflscape\pdflscape.sty
Package: pdflscape 2022-10-27 v0.13 Display of landscape pages in PDF

(C:\Users\user\AppData\Local\Programs\MiKTeX\tex/latex/pdflscape\pdflscape-nome
tadata.sty
Package: pdflscape-nometadata 2022-10-28 v0.13 Display of landscape pages in PD
F (HO)

(C:\Users\user\AppData\Local\Programs\MiKTeX\tex/latex/graphics\lscape.sty
Package: lscape 2020/05/28 v3.02 Landscape Pages (DPC)
)
Package pdflscape Info: Auto-detected driver: pdftex on input line 81.
))
Package caption Info: Begin \AtBeginDocument code.
Package caption Info: hyperref package is loaded.
Package caption Info: wrapfig package is loaded.
Package caption Info: End \AtBeginDocument code.
Package hyperref Info: Link coloring ON on input line 28.

(UL_business_report_Haraprasad.out) (UL_business_report_Haraprasad.out)
\@outlinefile=\write3
\openout3 = `UL_business_report_Haraprasad.out'.


(UL_business_report_Haraprasad.toc
LaTeX Font Info:    Trying to load font information for U+msa on input line 3.

(C:\Users\user\AppData\Local\Programs\MiKTeX\tex/latex/amsfonts\umsa.fd
File: umsa.fd 2013/01/14 v3.01 AMS symbols A
)
LaTeX Font Info:    Trying to load font information for U+msb on input line 3.

(C:\Users\user\AppData\Local\Programs\MiKTeX\tex/latex/amsfonts\umsb.fd
File: umsb.fd 2013/01/14 v3.01 AMS symbols B
)
LaTeX Font Info:    Trying to load font information for U+lasy on input line 3.


(C:\Users\user\AppData\Local\Programs\MiKTeX\tex/latex/base\ulasy.fd
File: ulasy.fd 1998/08/17 v2.2e LaTeX symbol font definitions
))
\tf@toc=\write4
\openout4 = `UL_business_report_Haraprasad.toc'.


(UL_business_report_Haraprasad.lof)
\tf@lof=\write5
\openout5 = `UL_business_report_Haraprasad.lof'.

 [1

{C:/Users/user/AppData/Local/MiKTeX/fonts/map/pdftex/pdftex.map}{C:/Users/user/
AppData/Local/Programs/MiKTeX/fonts/enc/dvips/base/8r.enc}]
<dataset.png, id=101, 585.98924pt x 145.14224pt>
File: dataset.png Graphic file (type png)
<use dataset.png>
Package pdftex.def Info: dataset.png  used on input line 46.
(pdftex.def)             Requested size: 459.51529pt x 113.81952pt.
<box_Avg_Credit_Limit.png, id=109, 578.16pt x 289.08pt>
File: box_Avg_Credit_Limit.png Graphic file (type png)
<use box_Avg_Credit_Limit.png>
Package pdftex.def Info: box_Avg_Credit_Limit.png  used on input line 60.
(pdftex.def)             Requested size: 264.89812pt x 132.44908pt.
<box_Total_Credit_Cards.png, id=110, 578.16pt x 289.08pt>
File: box_Total_Credit_Cards.png Graphic file (type png)
<use box_Total_Credit_Cards.png>
Package pdftex.def Info: box_Total_Credit_Cards.png  used on input line 66.
(pdftex.def)             Requested size: 264.89812pt x 132.44908pt.
<box_Total_visits_bank.png, id=111, 578.16pt x 289.08pt>
File: box_Total_visits_bank.png Graphic file (type png)
<use box_Total_visits_bank.png>
Package pdftex.def Info: box_Total_visits_bank.png  used on input line 71.
(pdftex.def)             Requested size: 264.89812pt x 132.44908pt.
<box_Total_visits_online.png, id=112, 578.16pt x 289.08pt>
File: box_Total_visits_online.png Graphic file (type png)
<use box_Total_visits_online.png>
Package pdftex.def Info: box_Total_visits_online.png  used on input line 77.
(pdftex.def)             Requested size: 264.89812pt x 132.44908pt.
<box_Total_calls_made.png, id=113, 578.16pt x 289.08pt>
File: box_Total_calls_made.png Graphic file (type png)
<use box_Total_calls_made.png>
Package pdftex.def Info: box_Total_calls_made.png  used on input line 83.
(pdftex.def)             Requested size: 264.89812pt x 132.44908pt.


LaTeX Warning: `h' float specifier changed to `ht'.

<bi_box_Total_visits_online_Total_Credit_Cards.png, id=114, 867.24pt x 433.62pt
>
File: bi_box_Total_visits_online_Total_Credit_Cards.png Graphic file (type png)

<use bi_box_Total_visits_online_Total_Credit_Cards.png>
Package pdftex.def Info: bi_box_Total_visits_online_Total_Credit_Cards.png  use
d on input line 94.
(pdftex.def)             Requested size: 264.89812pt x 132.44908pt.
<bi_box_Total_visits_online_Avg_Credit_Limit.png, id=115, 867.24pt x 433.62pt>
File: bi_box_Total_visits_online_Avg_Credit_Limit.png Graphic file (type png)
<use bi_box_Total_visits_online_Avg_Credit_Limit.png>
Package pdftex.def Info: bi_box_Total_visits_online_Avg_Credit_Limit.png  used 
on input line 100.
(pdftex.def)             Requested size: 264.89812pt x 132.44908pt.

LaTeX Warning: `h' float specifier changed to `ht'.

<bi_box_Total_visits_bank_Avg_Credit_Limit.png, id=116, 867.24pt x 433.62pt>
File: bi_box_Total_visits_bank_Avg_Credit_Limit.png Graphic file (type png)
<use bi_box_Total_visits_bank_Avg_Credit_Limit.png>
Package pdftex.def Info: bi_box_Total_visits_bank_Avg_Credit_Limit.png  used on
 input line 112.
(pdftex.def)             Requested size: 264.89812pt x 132.44908pt.
<bi_box_Total_visits_bank_Total_Credit_Cards.png, id=117, 867.24pt x 433.62pt>
File: bi_box_Total_visits_bank_Total_Credit_Cards.png Graphic file (type png)
<use bi_box_Total_visits_bank_Total_Credit_Cards.png>
Package pdftex.def Info: bi_box_Total_visits_bank_Total_Credit_Cards.png  used 
on input line 118.
(pdftex.def)             Requested size: 264.89812pt x 132.44908pt.

LaTeX Warning: `h' float specifier changed to `ht'.

<bi_box_Total_calls_made_Avg_Credit_Limit.png, id=118, 867.24pt x 433.62pt>
File: bi_box_Total_calls_made_Avg_Credit_Limit.png Graphic file (type png)
<use bi_box_Total_calls_made_Avg_Credit_Limit.png>
Package pdftex.def Info: bi_box_Total_calls_made_Avg_Credit_Limit.png  used on 
input line 129.
(pdftex.def)             Requested size: 264.89812pt x 132.44908pt.
<bi_box_Total_calls_madek_Total_Credit_Cards.png, id=119, 867.24pt x 433.62pt>
File: bi_box_Total_calls_madek_Total_Credit_Cards.png Graphic file (type png)
<use bi_box_Total_calls_madek_Total_Credit_Cards.png>
Package pdftex.def Info: bi_box_Total_calls_madek_Total_Credit_Cards.png  used 
on input line 135.
(pdftex.def)             Requested size: 264.89812pt x 132.44908pt.

LaTeX Warning: `h' float specifier changed to `ht'.

[2 <./dataset.png>]
<corr.png, id=128, 1084.05pt x 722.7pt>
File: corr.png Graphic file (type png)
<use corr.png>
Package pdftex.def Info: corr.png  used on input line 147.
(pdftex.def)             Requested size: 540.61766pt x 284.53154pt.


LaTeX Warning: `h' float specifier changed to `ht'.

[3 <./box_Avg_Credit_Limit.png> <./box_Total_Credit_Cards.png> <./box_Total_vis
its_bank.png> <./box_Total_visits_online.png> <./box_Total_calls_made.png>]
[4 <./bi_box_Total_visits_online_Total_Credit_Cards.png> <./bi_box_Total_visits
_online_Avg_Credit_Limit.png> <./bi_box_Total_visits_bank_Avg_Credit_Limit.png>
 <./bi_box_Total_visits_bank_Total_Credit_Cards.png> <./bi_box_Total_calls_made
_Avg_Credit_Limit.png> <./bi_box_Total_calls_madek_Total_Credit_Cards.png>]
[5 <./corr.png>]
<outlier.png, id=155, 1084.05pt x 722.7pt>
File: outlier.png Graphic file (type png)
<use outlier.png>
Package pdftex.def Info: outlier.png  used on input line 157.
(pdftex.def)             Requested size: 540.60236pt x 360.41177pt.
<scaled_data.png, id=156, 1084.05pt x 289.08pt>
File: scaled_data.png Graphic file (type png)
<use scaled_data.png>
Package pdftex.def Info: scaled_data.png  used on input line 163.
(pdftex.def)             Requested size: 540.60236pt x 144.1647pt.
 [6

 <./outlier.png> <./scaled_data.png>]
LaTeX Font Info:    Trying to load font information for TS1+phv on input line 1
73.

(C:\Users\user\AppData\Local\Programs\MiKTeX\tex/latex/psnfss\ts1phv.fd
File: ts1phv.fd 2020/03/25 scalable font definitions for TS1/phv.
)
<elbow.png, id=163, 578.16pt x 397.485pt>
File: elbow.png Graphic file (type png)
<use elbow.png>
Package pdftex.def Info: elbow.png  used on input line 185.
(pdftex.def)             Requested size: 264.89812pt x 182.1175pt.
<sil_score.png, id=164, 578.16pt x 397.485pt>
File: sil_score.png Graphic file (type png)
<use sil_score.png>
Package pdftex.def Info: sil_score.png  used on input line 191.
(pdftex.def)             Requested size: 264.89812pt x 182.1175pt.
<silhoute_K_3.png, id=168, 578.16pt x 289.08pt>
File: silhoute_K_3.png Graphic file (type png)
<use silhoute_K_3.png>
Package pdftex.def Info: silhoute_K_3.png  used on input line 203.
(pdftex.def)             Requested size: 264.89812pt x 132.44908pt.
<silhoute_K_4.png, id=169, 578.16pt x 289.08pt>
File: silhoute_K_4.png Graphic file (type png)
<use silhoute_K_4.png>
Package pdftex.def Info: silhoute_K_4.png  used on input line 209.
(pdftex.def)             Requested size: 264.89812pt x 132.44908pt.
<silhoute_K_5.png, id=170, 578.16pt x 289.08pt>
File: silhoute_K_5.png Graphic file (type png)
<use silhoute_K_5.png>
Package pdftex.def Info: silhoute_K_5.png  used on input line 214.
(pdftex.def)             Requested size: 264.89812pt x 132.44908pt.
<silhoute_K_6.png, id=171, 578.16pt x 289.08pt>
File: silhoute_K_6.png Graphic file (type png)
<use silhoute_K_6.png>
Package pdftex.def Info: silhoute_K_6.png  used on input line 220.
(pdftex.def)             Requested size: 264.89812pt x 132.44908pt.


LaTeX Warning: `h' float specifier changed to `ht'.

<Kmeans_profile.png, id=172, 690.78075pt x 126.4725pt>
File: Kmeans_profile.png Graphic file (type png)
<use Kmeans_profile.png>
Package pdftex.def Info: Kmeans_profile.png  used on input line 230.
(pdftex.def)             Requested size: 540.60236pt x 98.98007pt.

LaTeX Warning: `h' float specifier changed to `ht'.

<Kmeans_cluster_box_plots.png, id=175, 867.24pt x 578.16pt>
File: Kmeans_cluster_box_plots.png Graphic file (type png)
<use Kmeans_cluster_box_plots.png>
Package pdftex.def Info: Kmeans_cluster_box_plots.png  used on input line 238.
(pdftex.def)             Requested size: 540.60236pt x 360.41397pt.

LaTeX Warning: `h' float specifier changed to `ht'.

[7 <./elbow.png> <./sil_score.png>] [8 <./silhoute_K_3.png> <./silhoute_K_4.png
> <./silhoute_K_5.png> <./silhoute_K_6.png> <./Kmeans_profile.png>] [9 <./Kmean
s_cluster_box_plots.png>]
<Euc_dendo_Average_linkage.png, id=199, 823.27576pt x 296.307pt>
File: Euc_dendo_Average_linkage.png Graphic file (type png)
<use Euc_dendo_Average_linkage.png>
Package pdftex.def Info: Euc_dendo_Average_linkage.png  used on input line 288.

(pdftex.def)             Requested size: 264.89812pt x 95.34012pt.
<Euc_dendo_centroid_linkage.png, id=200, 823.878pt x 304.7385pt>
File: Euc_dendo_centroid_linkage.png Graphic file (type png)
<use Euc_dendo_centroid_linkage.png>
Package pdftex.def Info: Euc_dendo_centroid_linkage.png  used on input line 294
.
(pdftex.def)             Requested size: 264.89812pt x 97.97865pt.
<Euc_dendo_complete_linkage.png, id=201, 834.11626pt x 296.307pt>
File: Euc_dendo_complete_linkage.png Graphic file (type png)
<use Euc_dendo_complete_linkage.png>
Package pdftex.def Info: Euc_dendo_complete_linkage.png  used on input line 299
.
(pdftex.def)             Requested size: 264.89812pt x 94.10129pt.
<Euc_dendo_Weighted_linkage.png, id=202, 829.9005pt x 287.8755pt>
File: Euc_dendo_Weighted_linkage.png Graphic file (type png)
<use Euc_dendo_Weighted_linkage.png>
Package pdftex.def Info: Euc_dendo_Weighted_linkage.png  used on input line 305
.
(pdftex.def)             Requested size: 264.89812pt x 91.88922pt.
<HC_profile.png, id=204, 796.1745pt x 121.05225pt>
File: HC_profile.png Graphic file (type png)
<use HC_profile.png>
Package pdftex.def Info: HC_profile.png  used on input line 316.
(pdftex.def)             Requested size: 540.60236pt x 82.19806pt.
<HC_cluster_box_plots.png, id=207, 867.24pt x 578.16pt>
File: HC_cluster_box_plots.png Graphic file (type png)
<use HC_cluster_box_plots.png>
Package pdftex.def Info: HC_cluster_box_plots.png  used on input line 324.
(pdftex.def)             Requested size: 540.60236pt x 360.41397pt.


LaTeX Warning: `h' float specifier changed to `ht'.

[10

 <./Euc_dendo_Average_linkage.png> <./Euc_dendo_centroid_linkage.png> <./Euc_de
ndo_complete_linkage.png> <./Euc_dendo_Weighted_linkage.png> <./HC_profile.png>
] [11 <./HC_cluster_box_plots.png>] [12]
<Kmens_segement_profile_bar.png, id=230, 722.7pt x 361.35pt>
File: Kmens_segement_profile_bar.png Graphic file (type png)
<use Kmens_segement_profile_bar.png>
Package pdftex.def Info: Kmens_segement_profile_bar.png  used on input line 373
.
(pdftex.def)             Requested size: 264.89812pt x 132.44579pt.
<HC_Clusters_profilr_bar.png, id=231, 722.7pt x 361.35pt>
File: HC_Clusters_profilr_bar.png Graphic file (type png)
<use HC_Clusters_profilr_bar.png>
Package pdftex.def Info: HC_Clusters_profilr_bar.png  used on input line 379.
(pdftex.def)             Requested size: 264.89812pt x 132.44579pt.
<cluster_vis_cards_vs_online_visits_HC.png, id=232, 578.16pt x 289.08pt>
File: cluster_vis_cards_vs_online_visits_HC.png Graphic file (type png)
<use cluster_vis_cards_vs_online_visits_HC.png>
Package pdftex.def Info: cluster_vis_cards_vs_online_visits_HC.png  used on inp
ut line 391.
(pdftex.def)             Requested size: 264.89812pt x 132.44908pt.
<cluster_vis_credit_vs_online_visit_HC.png, id=233, 578.16pt x 289.08pt>
File: cluster_vis_credit_vs_online_visit_HC.png Graphic file (type png)
<use cluster_vis_credit_vs_online_visit_HC.png>
Package pdftex.def Info: cluster_vis_credit_vs_online_visit_HC.png  used on inp
ut line 397.
(pdftex.def)             Requested size: 264.89812pt x 132.44908pt.
<cluster_vis_cards_vs_online_visits_KM.png, id=234, 578.16pt x 289.08pt>
File: cluster_vis_cards_vs_online_visits_KM.png Graphic file (type png)
<use cluster_vis_cards_vs_online_visits_KM.png>
Package pdftex.def Info: cluster_vis_cards_vs_online_visits_KM.png  used on inp
ut line 402.
(pdftex.def)             Requested size: 264.89812pt x 132.44908pt.
<cluster_vis_credit_vs_online_visit_KM.png, id=235, 578.16pt x 289.08pt>
File: cluster_vis_credit_vs_online_visit_KM.png Graphic file (type png)
<use cluster_vis_credit_vs_online_visit_KM.png>
Package pdftex.def Info: cluster_vis_credit_vs_online_visit_KM.png  used on inp
ut line 408.
(pdftex.def)             Requested size: 264.89812pt x 132.44908pt.
 [13

 <./Kmens_segement_profile_bar.png> <./HC_Clusters_profilr_bar.png> <./cluster_
vis_cards_vs_online_visits_HC.png> <./cluster_vis_credit_vs_online_visit_HC.png
> <./cluster_vis_cards_vs_online_visits_KM.png> <./cluster_vis_credit_vs_online
_visit_KM.png>] [14]
(UL_business_report_Haraprasad.aux)
Package rerunfilecheck Info: File `UL_business_report_Haraprasad.out' has not c
hanged.
(rerunfilecheck)             Checksum: A31AF54EA240785E6D8CE298EE384335;1928.
 ) 
Here is how much of TeX's memory you used:
 13960 strings out of 476331
 237382 string characters out of 5788238
 1868660 words of memory out of 5000000
 34092 multiletter control sequences out of 15000+600000
 530587 words of font info for 70 fonts, out of 8000000 for 9000
 1141 hyphenation exceptions out of 8191
 87i,9n,91p,1094b,594s stack positions out of 10000i,1000n,20000p,200000b,200000s
<C:/Users/user/AppData/Local/Programs/MiKTeX/fonts/type1/urw/helvetic/uhvb8a.
pfb><C:/Users/user/AppData/Local/Programs/MiKTeX/fonts/type1/urw/helvetic/uhvr8
a.pfb>
Output written on UL_business_report_Haraprasad.pdf (14 pages, 5224780 bytes).
PDF statistics:
 276 PDF objects out of 1000 (max. 8388607)
 46 named destinations out of 1000 (max. 500000)
 264 words of extra memory for PDF output out of 10000 (max. 10000000)

